2016-09-06 23:49:48 [scrapy] INFO: Scrapy 1.1.2 started (bot: SearchPicsScrapy)
2016-09-06 23:49:48 [scrapy] INFO: Overridden settings: {'NEWSPIDER_MODULE': 'SearchPicsScrapy.SearchPicsScrapy.spiders', 'DUPEFILTER_CLASS': 'scrapy_redis.dupefilter.RFPDupeFilter', 'SPIDER_MODULES': ['SearchPicsScrapy.SearchPicsScrapy.spiders'], 'BOT_NAME': 'SearchPicsScrapy', 'SCHEDULER': 'scrapy_redis.scheduler.Scheduler', 'DOWNLOAD_DELAY': 1}
2016-09-06 23:49:48 [scrapy] INFO: Enabled extensions:
['scrapy.extensions.logstats.LogStats',
 'scrapy.extensions.telnet.TelnetConsole',
 'scrapy.extensions.corestats.CoreStats']
2016-09-06 23:49:48 [instagram] INFO: Reading start URLs from redis key 'instagram:start_urls' (batch size: 16)
2016-09-06 23:49:49 [scrapy] INFO: Enabled downloader middlewares:
['scrapy.downloadermiddlewares.httpauth.HttpAuthMiddleware',
 'scrapy.downloadermiddlewares.downloadtimeout.DownloadTimeoutMiddleware',
 'scrapy.downloadermiddlewares.useragent.UserAgentMiddleware',
 'scrapy.downloadermiddlewares.retry.RetryMiddleware',
 'scrapy.downloadermiddlewares.defaultheaders.DefaultHeadersMiddleware',
 'scrapy.downloadermiddlewares.redirect.MetaRefreshMiddleware',
 'scrapy.downloadermiddlewares.httpcompression.HttpCompressionMiddleware',
 'scrapy.downloadermiddlewares.redirect.RedirectMiddleware',
 'scrapy.downloadermiddlewares.cookies.CookiesMiddleware',
 'scrapy.downloadermiddlewares.chunked.ChunkedTransferMiddleware',
 'scrapy.downloadermiddlewares.stats.DownloaderStats']
2016-09-06 23:49:49 [scrapy] INFO: Enabled spider middlewares:
['scrapy.spidermiddlewares.httperror.HttpErrorMiddleware',
 'scrapy.spidermiddlewares.offsite.OffsiteMiddleware',
 'scrapy.spidermiddlewares.referer.RefererMiddleware',
 'scrapy.spidermiddlewares.urllength.UrlLengthMiddleware',
 'scrapy.spidermiddlewares.depth.DepthMiddleware']
2016-09-06 20:50:01 [root] INFO: Spider instagram proceeded {'https://www.instagram.com/explore/tags/dog': 'https://scontent-amt2-1.cdninstagram.com/t51.2885-15/sh0.08/e35/p750x750/14156350_1784627658415685_943669475_n.jpg?ig_cache_key=MTMzMzU3ODcyNDEwMDI1NTc3Ng%3D%3D.2'}
2016-09-06 20:50:01 [root] INFO: Pipeline processing dog of [u'dog']. Item #{'google': 0, 'yandex': 0, 'instagram': 1}
DEBUG (0.002) SELECT "main_tasks"."id", "main_tasks"."status", "main_tasks"."keyword", "main_tasks"."date", "main_tasks"."user_id" FROM "main_tasks" WHERE ("main_tasks"."user_id" = 1 AND "main_tasks"."keyword" = 'dog'); args=(1, u'dog')
2016-09-06 20:50:01 [django.db.backends] DEBUG: (0.002) SELECT "main_tasks"."id", "main_tasks"."status", "main_tasks"."keyword", "main_tasks"."date", "main_tasks"."user_id" FROM "main_tasks" WHERE ("main_tasks"."user_id" = 1 AND "main_tasks"."keyword" = 'dog'); args=(1, u'dog')
DEBUG (0.001) INSERT INTO "main_results" ("task_id", "link", "img", "rank", "site") VALUES (326, 'https://www.instagram.com/explore/tags/dog', 'https://scontent-amt2-1.cdninstagram.com/t51.2885-15/sh0.08/e35/p750x750/14156350_1784627658415685_943669475_n.jpg?ig_cache_key=MTMzMzU3ODcyNDEwMDI1NTc3Ng%3D%3D.2', 1, 'instagram') RETURNING "main_results"."id"; args=(326, u'https://www.instagram.com/explore/tags/dog', 'https://scontent-amt2-1.cdninstagram.com/t51.2885-15/sh0.08/e35/p750x750/14156350_1784627658415685_943669475_n.jpg?ig_cache_key=MTMzMzU3ODcyNDEwMDI1NTc3Ng%3D%3D.2', 1, 'instagram')
2016-09-06 20:50:01 [django.db.backends] DEBUG: (0.001) INSERT INTO "main_results" ("task_id", "link", "img", "rank", "site") VALUES (326, 'https://www.instagram.com/explore/tags/dog', 'https://scontent-amt2-1.cdninstagram.com/t51.2885-15/sh0.08/e35/p750x750/14156350_1784627658415685_943669475_n.jpg?ig_cache_key=MTMzMzU3ODcyNDEwMDI1NTc3Ng%3D%3D.2', 1, 'instagram') RETURNING "main_results"."id"; args=(326, u'https://www.instagram.com/explore/tags/dog', 'https://scontent-amt2-1.cdninstagram.com/t51.2885-15/sh0.08/e35/p750x750/14156350_1784627658415685_943669475_n.jpg?ig_cache_key=MTMzMzU3ODcyNDEwMDI1NTc3Ng%3D%3D.2', 1, 'instagram')
2016-09-06 20:50:01 [root] INFO: Spider instagram proceeded {'https://www.instagram.com/explore/tags/dog': 'https://scontent-amt2-1.cdninstagram.com/t51.2885-15/s750x750/sh0.08/e35/14276666_156104548167942_1663840974_n.jpg?ig_cache_key=MTMzMzU3ODcwOTk0OTI2MTE1NA%3D%3D.2'}
2016-09-06 20:50:01 [root] INFO: Pipeline processing dog of [u'dog']. Item #{'google': 0, 'yandex': 0, 'instagram': 2}
DEBUG (0.001) SELECT "main_tasks"."id", "main_tasks"."status", "main_tasks"."keyword", "main_tasks"."date", "main_tasks"."user_id" FROM "main_tasks" WHERE ("main_tasks"."user_id" = 1 AND "main_tasks"."keyword" = 'dog'); args=(1, u'dog')
2016-09-06 20:50:01 [django.db.backends] DEBUG: (0.001) SELECT "main_tasks"."id", "main_tasks"."status", "main_tasks"."keyword", "main_tasks"."date", "main_tasks"."user_id" FROM "main_tasks" WHERE ("main_tasks"."user_id" = 1 AND "main_tasks"."keyword" = 'dog'); args=(1, u'dog')
DEBUG (0.001) INSERT INTO "main_results" ("task_id", "link", "img", "rank", "site") VALUES (326, 'https://www.instagram.com/explore/tags/dog', 'https://scontent-amt2-1.cdninstagram.com/t51.2885-15/s750x750/sh0.08/e35/14276666_156104548167942_1663840974_n.jpg?ig_cache_key=MTMzMzU3ODcwOTk0OTI2MTE1NA%3D%3D.2', 2, 'instagram') RETURNING "main_results"."id"; args=(326, u'https://www.instagram.com/explore/tags/dog', 'https://scontent-amt2-1.cdninstagram.com/t51.2885-15/s750x750/sh0.08/e35/14276666_156104548167942_1663840974_n.jpg?ig_cache_key=MTMzMzU3ODcwOTk0OTI2MTE1NA%3D%3D.2', 2, 'instagram')
2016-09-06 20:50:01 [django.db.backends] DEBUG: (0.001) INSERT INTO "main_results" ("task_id", "link", "img", "rank", "site") VALUES (326, 'https://www.instagram.com/explore/tags/dog', 'https://scontent-amt2-1.cdninstagram.com/t51.2885-15/s750x750/sh0.08/e35/14276666_156104548167942_1663840974_n.jpg?ig_cache_key=MTMzMzU3ODcwOTk0OTI2MTE1NA%3D%3D.2', 2, 'instagram') RETURNING "main_results"."id"; args=(326, u'https://www.instagram.com/explore/tags/dog', 'https://scontent-amt2-1.cdninstagram.com/t51.2885-15/s750x750/sh0.08/e35/14276666_156104548167942_1663840974_n.jpg?ig_cache_key=MTMzMzU3ODcwOTk0OTI2MTE1NA%3D%3D.2', 2, 'instagram')
2016-09-06 20:50:01 [root] INFO: Spider instagram proceeded {'https://www.instagram.com/explore/tags/dog': 'https://scontent-amt2-1.cdninstagram.com/t51.2885-15/s750x750/sh0.08/e35/14294713_640535702788440_1566022294_n.jpg?ig_cache_key=MTMzMzU3ODcwODQ0NzIzMTM1NQ%3D%3D.2'}
2016-09-06 20:50:01 [root] INFO: Pipeline processing dog of [u'dog']. Item #{'google': 0, 'yandex': 0, 'instagram': 3}
DEBUG (0.001) SELECT "main_tasks"."id", "main_tasks"."status", "main_tasks"."keyword", "main_tasks"."date", "main_tasks"."user_id" FROM "main_tasks" WHERE ("main_tasks"."user_id" = 1 AND "main_tasks"."keyword" = 'dog'); args=(1, u'dog')
2016-09-06 20:50:01 [django.db.backends] DEBUG: (0.001) SELECT "main_tasks"."id", "main_tasks"."status", "main_tasks"."keyword", "main_tasks"."date", "main_tasks"."user_id" FROM "main_tasks" WHERE ("main_tasks"."user_id" = 1 AND "main_tasks"."keyword" = 'dog'); args=(1, u'dog')
DEBUG (0.001) INSERT INTO "main_results" ("task_id", "link", "img", "rank", "site") VALUES (326, 'https://www.instagram.com/explore/tags/dog', 'https://scontent-amt2-1.cdninstagram.com/t51.2885-15/s750x750/sh0.08/e35/14294713_640535702788440_1566022294_n.jpg?ig_cache_key=MTMzMzU3ODcwODQ0NzIzMTM1NQ%3D%3D.2', 3, 'instagram') RETURNING "main_results"."id"; args=(326, u'https://www.instagram.com/explore/tags/dog', 'https://scontent-amt2-1.cdninstagram.com/t51.2885-15/s750x750/sh0.08/e35/14294713_640535702788440_1566022294_n.jpg?ig_cache_key=MTMzMzU3ODcwODQ0NzIzMTM1NQ%3D%3D.2', 3, 'instagram')
2016-09-06 20:50:01 [django.db.backends] DEBUG: (0.001) INSERT INTO "main_results" ("task_id", "link", "img", "rank", "site") VALUES (326, 'https://www.instagram.com/explore/tags/dog', 'https://scontent-amt2-1.cdninstagram.com/t51.2885-15/s750x750/sh0.08/e35/14294713_640535702788440_1566022294_n.jpg?ig_cache_key=MTMzMzU3ODcwODQ0NzIzMTM1NQ%3D%3D.2', 3, 'instagram') RETURNING "main_results"."id"; args=(326, u'https://www.instagram.com/explore/tags/dog', 'https://scontent-amt2-1.cdninstagram.com/t51.2885-15/s750x750/sh0.08/e35/14294713_640535702788440_1566022294_n.jpg?ig_cache_key=MTMzMzU3ODcwODQ0NzIzMTM1NQ%3D%3D.2', 3, 'instagram')
2016-09-06 20:50:01 [root] INFO: Spider instagram proceeded {'https://www.instagram.com/explore/tags/dog': 'https://scontent-amt2-1.cdninstagram.com/t51.2885-15/s480x480/e35/14156370_289789014729945_1534830794_n.jpg?ig_cache_key=MTMzMzU3ODcwMzc0MTMzMzIwNQ%3D%3D.2'}
2016-09-06 20:50:01 [root] INFO: Pipeline processing dog of [u'dog']. Item #{'google': 0, 'yandex': 0, 'instagram': 4}
DEBUG (0.001) SELECT "main_tasks"."id", "main_tasks"."status", "main_tasks"."keyword", "main_tasks"."date", "main_tasks"."user_id" FROM "main_tasks" WHERE ("main_tasks"."user_id" = 1 AND "main_tasks"."keyword" = 'dog'); args=(1, u'dog')
2016-09-06 20:50:01 [django.db.backends] DEBUG: (0.001) SELECT "main_tasks"."id", "main_tasks"."status", "main_tasks"."keyword", "main_tasks"."date", "main_tasks"."user_id" FROM "main_tasks" WHERE ("main_tasks"."user_id" = 1 AND "main_tasks"."keyword" = 'dog'); args=(1, u'dog')
DEBUG (0.001) INSERT INTO "main_results" ("task_id", "link", "img", "rank", "site") VALUES (326, 'https://www.instagram.com/explore/tags/dog', 'https://scontent-amt2-1.cdninstagram.com/t51.2885-15/s480x480/e35/14156370_289789014729945_1534830794_n.jpg?ig_cache_key=MTMzMzU3ODcwMzc0MTMzMzIwNQ%3D%3D.2', 4, 'instagram') RETURNING "main_results"."id"; args=(326, u'https://www.instagram.com/explore/tags/dog', 'https://scontent-amt2-1.cdninstagram.com/t51.2885-15/s480x480/e35/14156370_289789014729945_1534830794_n.jpg?ig_cache_key=MTMzMzU3ODcwMzc0MTMzMzIwNQ%3D%3D.2', 4, 'instagram')
2016-09-06 20:50:01 [django.db.backends] DEBUG: (0.001) INSERT INTO "main_results" ("task_id", "link", "img", "rank", "site") VALUES (326, 'https://www.instagram.com/explore/tags/dog', 'https://scontent-amt2-1.cdninstagram.com/t51.2885-15/s480x480/e35/14156370_289789014729945_1534830794_n.jpg?ig_cache_key=MTMzMzU3ODcwMzc0MTMzMzIwNQ%3D%3D.2', 4, 'instagram') RETURNING "main_results"."id"; args=(326, u'https://www.instagram.com/explore/tags/dog', 'https://scontent-amt2-1.cdninstagram.com/t51.2885-15/s480x480/e35/14156370_289789014729945_1534830794_n.jpg?ig_cache_key=MTMzMzU3ODcwMzc0MTMzMzIwNQ%3D%3D.2', 4, 'instagram')
2016-09-06 20:50:01 [root] INFO: Spider instagram proceeded {'https://www.instagram.com/explore/tags/dog': 'https://scontent-amt2-1.cdninstagram.com/t51.2885-15/e35/14280443_1650322045280986_1313055571_n.jpg?ig_cache_key=MTMzMzU3ODY4NTk0MDY2MDY2OQ%3D%3D.2'}
2016-09-06 20:50:01 [root] INFO: Pipeline processing dog of [u'dog']. Item #{'google': 0, 'yandex': 0, 'instagram': 5}
DEBUG (0.001) SELECT "main_tasks"."id", "main_tasks"."status", "main_tasks"."keyword", "main_tasks"."date", "main_tasks"."user_id" FROM "main_tasks" WHERE ("main_tasks"."user_id" = 1 AND "main_tasks"."keyword" = 'dog'); args=(1, u'dog')
2016-09-06 20:50:01 [django.db.backends] DEBUG: (0.001) SELECT "main_tasks"."id", "main_tasks"."status", "main_tasks"."keyword", "main_tasks"."date", "main_tasks"."user_id" FROM "main_tasks" WHERE ("main_tasks"."user_id" = 1 AND "main_tasks"."keyword" = 'dog'); args=(1, u'dog')
DEBUG (0.001) INSERT INTO "main_results" ("task_id", "link", "img", "rank", "site") VALUES (326, 'https://www.instagram.com/explore/tags/dog', 'https://scontent-amt2-1.cdninstagram.com/t51.2885-15/e35/14280443_1650322045280986_1313055571_n.jpg?ig_cache_key=MTMzMzU3ODY4NTk0MDY2MDY2OQ%3D%3D.2', 5, 'instagram') RETURNING "main_results"."id"; args=(326, u'https://www.instagram.com/explore/tags/dog', 'https://scontent-amt2-1.cdninstagram.com/t51.2885-15/e35/14280443_1650322045280986_1313055571_n.jpg?ig_cache_key=MTMzMzU3ODY4NTk0MDY2MDY2OQ%3D%3D.2', 5, 'instagram')
2016-09-06 20:50:01 [django.db.backends] DEBUG: (0.001) INSERT INTO "main_results" ("task_id", "link", "img", "rank", "site") VALUES (326, 'https://www.instagram.com/explore/tags/dog', 'https://scontent-amt2-1.cdninstagram.com/t51.2885-15/e35/14280443_1650322045280986_1313055571_n.jpg?ig_cache_key=MTMzMzU3ODY4NTk0MDY2MDY2OQ%3D%3D.2', 5, 'instagram') RETURNING "main_results"."id"; args=(326, u'https://www.instagram.com/explore/tags/dog', 'https://scontent-amt2-1.cdninstagram.com/t51.2885-15/e35/14280443_1650322045280986_1313055571_n.jpg?ig_cache_key=MTMzMzU3ODY4NTk0MDY2MDY2OQ%3D%3D.2', 5, 'instagram')
2016-09-06 20:50:01 [root] INFO: Spider instagram proceeded {'https://www.instagram.com/explore/tags/dog': 'https://scontent-amt2-1.cdninstagram.com/t51.2885-15/e35/14145463_1666823686966567_1770384864_n.jpg?ig_cache_key=MTMzMzU3ODY3NDY1ODUxNjU4NA%3D%3D.2'}
2016-09-06 20:50:01 [root] INFO: Pipeline processing dog of [u'dog']. Item #{'google': 0, 'yandex': 0, 'instagram': 6}
DEBUG (0.001) SELECT "main_tasks"."id", "main_tasks"."status", "main_tasks"."keyword", "main_tasks"."date", "main_tasks"."user_id" FROM "main_tasks" WHERE ("main_tasks"."user_id" = 1 AND "main_tasks"."keyword" = 'dog'); args=(1, u'dog')
2016-09-06 20:50:01 [django.db.backends] DEBUG: (0.001) SELECT "main_tasks"."id", "main_tasks"."status", "main_tasks"."keyword", "main_tasks"."date", "main_tasks"."user_id" FROM "main_tasks" WHERE ("main_tasks"."user_id" = 1 AND "main_tasks"."keyword" = 'dog'); args=(1, u'dog')
DEBUG (0.001) INSERT INTO "main_results" ("task_id", "link", "img", "rank", "site") VALUES (326, 'https://www.instagram.com/explore/tags/dog', 'https://scontent-amt2-1.cdninstagram.com/t51.2885-15/e35/14145463_1666823686966567_1770384864_n.jpg?ig_cache_key=MTMzMzU3ODY3NDY1ODUxNjU4NA%3D%3D.2', 6, 'instagram') RETURNING "main_results"."id"; args=(326, u'https://www.instagram.com/explore/tags/dog', 'https://scontent-amt2-1.cdninstagram.com/t51.2885-15/e35/14145463_1666823686966567_1770384864_n.jpg?ig_cache_key=MTMzMzU3ODY3NDY1ODUxNjU4NA%3D%3D.2', 6, 'instagram')
2016-09-06 20:50:01 [django.db.backends] DEBUG: (0.001) INSERT INTO "main_results" ("task_id", "link", "img", "rank", "site") VALUES (326, 'https://www.instagram.com/explore/tags/dog', 'https://scontent-amt2-1.cdninstagram.com/t51.2885-15/e35/14145463_1666823686966567_1770384864_n.jpg?ig_cache_key=MTMzMzU3ODY3NDY1ODUxNjU4NA%3D%3D.2', 6, 'instagram') RETURNING "main_results"."id"; args=(326, u'https://www.instagram.com/explore/tags/dog', 'https://scontent-amt2-1.cdninstagram.com/t51.2885-15/e35/14145463_1666823686966567_1770384864_n.jpg?ig_cache_key=MTMzMzU3ODY3NDY1ODUxNjU4NA%3D%3D.2', 6, 'instagram')
2016-09-06 20:50:01 [root] INFO: Spider instagram proceeded {'https://www.instagram.com/explore/tags/dog': 'https://scontent-amt2-1.cdninstagram.com/t51.2885-15/e35/14128689_653586311484129_1622435574_n.jpg?ig_cache_key=MTMzMzU3ODY3MTg0NzYzMDM0Nw%3D%3D.2'}
2016-09-06 20:50:01 [root] INFO: Pipeline processing dog of [u'dog']. Item #{'google': 0, 'yandex': 0, 'instagram': 7}
DEBUG (0.001) SELECT "main_tasks"."id", "main_tasks"."status", "main_tasks"."keyword", "main_tasks"."date", "main_tasks"."user_id" FROM "main_tasks" WHERE ("main_tasks"."user_id" = 1 AND "main_tasks"."keyword" = 'dog'); args=(1, u'dog')
2016-09-06 20:50:01 [django.db.backends] DEBUG: (0.001) SELECT "main_tasks"."id", "main_tasks"."status", "main_tasks"."keyword", "main_tasks"."date", "main_tasks"."user_id" FROM "main_tasks" WHERE ("main_tasks"."user_id" = 1 AND "main_tasks"."keyword" = 'dog'); args=(1, u'dog')
DEBUG (0.001) INSERT INTO "main_results" ("task_id", "link", "img", "rank", "site") VALUES (326, 'https://www.instagram.com/explore/tags/dog', 'https://scontent-amt2-1.cdninstagram.com/t51.2885-15/e35/14128689_653586311484129_1622435574_n.jpg?ig_cache_key=MTMzMzU3ODY3MTg0NzYzMDM0Nw%3D%3D.2', 7, 'instagram') RETURNING "main_results"."id"; args=(326, u'https://www.instagram.com/explore/tags/dog', 'https://scontent-amt2-1.cdninstagram.com/t51.2885-15/e35/14128689_653586311484129_1622435574_n.jpg?ig_cache_key=MTMzMzU3ODY3MTg0NzYzMDM0Nw%3D%3D.2', 7, 'instagram')
2016-09-06 20:50:01 [django.db.backends] DEBUG: (0.001) INSERT INTO "main_results" ("task_id", "link", "img", "rank", "site") VALUES (326, 'https://www.instagram.com/explore/tags/dog', 'https://scontent-amt2-1.cdninstagram.com/t51.2885-15/e35/14128689_653586311484129_1622435574_n.jpg?ig_cache_key=MTMzMzU3ODY3MTg0NzYzMDM0Nw%3D%3D.2', 7, 'instagram') RETURNING "main_results"."id"; args=(326, u'https://www.instagram.com/explore/tags/dog', 'https://scontent-amt2-1.cdninstagram.com/t51.2885-15/e35/14128689_653586311484129_1622435574_n.jpg?ig_cache_key=MTMzMzU3ODY3MTg0NzYzMDM0Nw%3D%3D.2', 7, 'instagram')
2016-09-06 20:50:01 [root] INFO: Spider instagram proceeded {'https://www.instagram.com/explore/tags/dog': 'https://scontent-amt2-1.cdninstagram.com/t51.2885-15/e35/14240500_182217185542606_601095501_n.jpg?ig_cache_key=MTMzMzU3ODY2NjUxMjMzODM5OA%3D%3D.2'}
2016-09-06 20:50:01 [root] INFO: Pipeline processing dog of [u'dog']. Item #{'google': 0, 'yandex': 0, 'instagram': 8}
DEBUG (0.001) SELECT "main_tasks"."id", "main_tasks"."status", "main_tasks"."keyword", "main_tasks"."date", "main_tasks"."user_id" FROM "main_tasks" WHERE ("main_tasks"."user_id" = 1 AND "main_tasks"."keyword" = 'dog'); args=(1, u'dog')
2016-09-06 20:50:01 [django.db.backends] DEBUG: (0.001) SELECT "main_tasks"."id", "main_tasks"."status", "main_tasks"."keyword", "main_tasks"."date", "main_tasks"."user_id" FROM "main_tasks" WHERE ("main_tasks"."user_id" = 1 AND "main_tasks"."keyword" = 'dog'); args=(1, u'dog')
DEBUG (0.001) INSERT INTO "main_results" ("task_id", "link", "img", "rank", "site") VALUES (326, 'https://www.instagram.com/explore/tags/dog', 'https://scontent-amt2-1.cdninstagram.com/t51.2885-15/e35/14240500_182217185542606_601095501_n.jpg?ig_cache_key=MTMzMzU3ODY2NjUxMjMzODM5OA%3D%3D.2', 8, 'instagram') RETURNING "main_results"."id"; args=(326, u'https://www.instagram.com/explore/tags/dog', 'https://scontent-amt2-1.cdninstagram.com/t51.2885-15/e35/14240500_182217185542606_601095501_n.jpg?ig_cache_key=MTMzMzU3ODY2NjUxMjMzODM5OA%3D%3D.2', 8, 'instagram')
2016-09-06 20:50:01 [django.db.backends] DEBUG: (0.001) INSERT INTO "main_results" ("task_id", "link", "img", "rank", "site") VALUES (326, 'https://www.instagram.com/explore/tags/dog', 'https://scontent-amt2-1.cdninstagram.com/t51.2885-15/e35/14240500_182217185542606_601095501_n.jpg?ig_cache_key=MTMzMzU3ODY2NjUxMjMzODM5OA%3D%3D.2', 8, 'instagram') RETURNING "main_results"."id"; args=(326, u'https://www.instagram.com/explore/tags/dog', 'https://scontent-amt2-1.cdninstagram.com/t51.2885-15/e35/14240500_182217185542606_601095501_n.jpg?ig_cache_key=MTMzMzU3ODY2NjUxMjMzODM5OA%3D%3D.2', 8, 'instagram')
2016-09-06 20:50:01 [root] INFO: Spider instagram proceeded {'https://www.instagram.com/explore/tags/dog': 'https://scontent-amt2-1.cdninstagram.com/t51.2885-15/e35/14156330_258094681256342_1270309417_n.jpg?ig_cache_key=MTMzMzU3ODY1ODY1MjM1NTU1OA%3D%3D.2'}
2016-09-06 20:50:01 [root] INFO: Pipeline processing dog of [u'dog']. Item #{'google': 0, 'yandex': 0, 'instagram': 9}
DEBUG (0.001) SELECT "main_tasks"."id", "main_tasks"."status", "main_tasks"."keyword", "main_tasks"."date", "main_tasks"."user_id" FROM "main_tasks" WHERE ("main_tasks"."user_id" = 1 AND "main_tasks"."keyword" = 'dog'); args=(1, u'dog')
2016-09-06 20:50:01 [django.db.backends] DEBUG: (0.001) SELECT "main_tasks"."id", "main_tasks"."status", "main_tasks"."keyword", "main_tasks"."date", "main_tasks"."user_id" FROM "main_tasks" WHERE ("main_tasks"."user_id" = 1 AND "main_tasks"."keyword" = 'dog'); args=(1, u'dog')
DEBUG (0.001) INSERT INTO "main_results" ("task_id", "link", "img", "rank", "site") VALUES (326, 'https://www.instagram.com/explore/tags/dog', 'https://scontent-amt2-1.cdninstagram.com/t51.2885-15/e35/14156330_258094681256342_1270309417_n.jpg?ig_cache_key=MTMzMzU3ODY1ODY1MjM1NTU1OA%3D%3D.2', 9, 'instagram') RETURNING "main_results"."id"; args=(326, u'https://www.instagram.com/explore/tags/dog', 'https://scontent-amt2-1.cdninstagram.com/t51.2885-15/e35/14156330_258094681256342_1270309417_n.jpg?ig_cache_key=MTMzMzU3ODY1ODY1MjM1NTU1OA%3D%3D.2', 9, 'instagram')
2016-09-06 20:50:01 [django.db.backends] DEBUG: (0.001) INSERT INTO "main_results" ("task_id", "link", "img", "rank", "site") VALUES (326, 'https://www.instagram.com/explore/tags/dog', 'https://scontent-amt2-1.cdninstagram.com/t51.2885-15/e35/14156330_258094681256342_1270309417_n.jpg?ig_cache_key=MTMzMzU3ODY1ODY1MjM1NTU1OA%3D%3D.2', 9, 'instagram') RETURNING "main_results"."id"; args=(326, u'https://www.instagram.com/explore/tags/dog', 'https://scontent-amt2-1.cdninstagram.com/t51.2885-15/e35/14156330_258094681256342_1270309417_n.jpg?ig_cache_key=MTMzMzU3ODY1ODY1MjM1NTU1OA%3D%3D.2', 9, 'instagram')
2016-09-06 20:50:01 [root] INFO: Spider instagram proceeded {'https://www.instagram.com/explore/tags/dog': 'https://scontent-amt2-1.cdninstagram.com/t51.2885-15/e35/14294768_1750567935184980_1598188189_n.jpg?ig_cache_key=MTMzMzU3ODY1NDk3ODI0MDkyMw%3D%3D.2'}
2016-09-06 20:50:01 [root] INFO: Pipeline processing dog of [u'dog']. Item #{'google': 0, 'yandex': 0, 'instagram': 10}
DEBUG (0.001) SELECT "main_tasks"."id", "main_tasks"."status", "main_tasks"."keyword", "main_tasks"."date", "main_tasks"."user_id" FROM "main_tasks" WHERE ("main_tasks"."user_id" = 1 AND "main_tasks"."keyword" = 'dog'); args=(1, u'dog')
2016-09-06 20:50:01 [django.db.backends] DEBUG: (0.001) SELECT "main_tasks"."id", "main_tasks"."status", "main_tasks"."keyword", "main_tasks"."date", "main_tasks"."user_id" FROM "main_tasks" WHERE ("main_tasks"."user_id" = 1 AND "main_tasks"."keyword" = 'dog'); args=(1, u'dog')
DEBUG (0.001) INSERT INTO "main_results" ("task_id", "link", "img", "rank", "site") VALUES (326, 'https://www.instagram.com/explore/tags/dog', 'https://scontent-amt2-1.cdninstagram.com/t51.2885-15/e35/14294768_1750567935184980_1598188189_n.jpg?ig_cache_key=MTMzMzU3ODY1NDk3ODI0MDkyMw%3D%3D.2', 10, 'instagram') RETURNING "main_results"."id"; args=(326, u'https://www.instagram.com/explore/tags/dog', 'https://scontent-amt2-1.cdninstagram.com/t51.2885-15/e35/14294768_1750567935184980_1598188189_n.jpg?ig_cache_key=MTMzMzU3ODY1NDk3ODI0MDkyMw%3D%3D.2', 10, 'instagram')
2016-09-06 20:50:01 [django.db.backends] DEBUG: (0.001) INSERT INTO "main_results" ("task_id", "link", "img", "rank", "site") VALUES (326, 'https://www.instagram.com/explore/tags/dog', 'https://scontent-amt2-1.cdninstagram.com/t51.2885-15/e35/14294768_1750567935184980_1598188189_n.jpg?ig_cache_key=MTMzMzU3ODY1NDk3ODI0MDkyMw%3D%3D.2', 10, 'instagram') RETURNING "main_results"."id"; args=(326, u'https://www.instagram.com/explore/tags/dog', 'https://scontent-amt2-1.cdninstagram.com/t51.2885-15/e35/14294768_1750567935184980_1598188189_n.jpg?ig_cache_key=MTMzMzU3ODY1NDk3ODI0MDkyMw%3D%3D.2', 10, 'instagram')
DEBUG (0.001) UPDATE "main_tasks" SET "status" = 'IN_PROGRESS yandex' WHERE "main_tasks"."id" = 326; args=(u'IN_PROGRESS yandex', 326)
2016-09-06 20:50:01 [django.db.backends] DEBUG: (0.001) UPDATE "main_tasks" SET "status" = 'IN_PROGRESS yandex' WHERE "main_tasks"."id" = 326; args=(u'IN_PROGRESS yandex', 326)
2016-09-06 20:50:01 [root] DEBUG: Pipeline processing dog. Status: IN_PROGRESS yandex
