2016-09-06 23:49:48 [scrapy] INFO: Scrapy 1.1.2 started (bot: SearchPicsScrapy)
2016-09-06 23:49:48 [scrapy] INFO: Overridden settings: {'NEWSPIDER_MODULE': 'SearchPicsScrapy.SearchPicsScrapy.spiders', 'DUPEFILTER_CLASS': 'scrapy_redis.dupefilter.RFPDupeFilter', 'SPIDER_MODULES': ['SearchPicsScrapy.SearchPicsScrapy.spiders'], 'BOT_NAME': 'SearchPicsScrapy', 'SCHEDULER': 'scrapy_redis.scheduler.Scheduler', 'DOWNLOAD_DELAY': 1}
2016-09-06 23:49:48 [scrapy] INFO: Enabled extensions:
['scrapy.extensions.logstats.LogStats',
 'scrapy.extensions.telnet.TelnetConsole',
 'scrapy.extensions.corestats.CoreStats']
2016-09-06 23:49:48 [yandex] INFO: Reading start URLs from redis key 'yandex:start_urls' (batch size: 16)
2016-09-06 23:49:49 [scrapy] INFO: Enabled downloader middlewares:
['scrapy.downloadermiddlewares.httpauth.HttpAuthMiddleware',
 'scrapy.downloadermiddlewares.downloadtimeout.DownloadTimeoutMiddleware',
 'scrapy.downloadermiddlewares.useragent.UserAgentMiddleware',
 'scrapy.downloadermiddlewares.retry.RetryMiddleware',
 'scrapy.downloadermiddlewares.defaultheaders.DefaultHeadersMiddleware',
 'scrapy.downloadermiddlewares.redirect.MetaRefreshMiddleware',
 'scrapy.downloadermiddlewares.httpcompression.HttpCompressionMiddleware',
 'scrapy.downloadermiddlewares.redirect.RedirectMiddleware',
 'scrapy.downloadermiddlewares.cookies.CookiesMiddleware',
 'scrapy.downloadermiddlewares.chunked.ChunkedTransferMiddleware',
 'scrapy.downloadermiddlewares.stats.DownloaderStats']
2016-09-06 23:49:49 [scrapy] INFO: Enabled spider middlewares:
['scrapy.spidermiddlewares.httperror.HttpErrorMiddleware',
 'scrapy.spidermiddlewares.offsite.OffsiteMiddleware',
 'scrapy.spidermiddlewares.referer.RefererMiddleware',
 'scrapy.spidermiddlewares.urllength.UrlLengthMiddleware',
 'scrapy.spidermiddlewares.depth.DepthMiddleware']
2016-09-06 20:50:06 [root] INFO: Spider yandex proceeded {'https://yandex.ua/images/search?text=dog&amp;img_url=http%3A%2F%2Fanimal-store.ru%2Fimg%2F2015%2F050205%2F4130143&amp;pos=0&amp;rpt=simage&amp;ncrnd=2169': '//im3-tub-ua.yandex.net/i?id=83ea9d32fbf8b9bffe5c7a7de0c9daa5&amp;n=33&amp;h=215&amp;w=287'}
2016-09-06 20:50:06 [root] INFO: Pipeline processing dog of [u'dog']. Item #{'google': 0, 'yandex': 1, 'instagram': 0}
DEBUG (0.003) SELECT "main_tasks"."id", "main_tasks"."status", "main_tasks"."keyword", "main_tasks"."date", "main_tasks"."user_id" FROM "main_tasks" WHERE ("main_tasks"."user_id" = 1 AND "main_tasks"."keyword" = 'dog'); args=(1, u'dog')
2016-09-06 20:50:06 [django.db.backends] DEBUG: (0.003) SELECT "main_tasks"."id", "main_tasks"."status", "main_tasks"."keyword", "main_tasks"."date", "main_tasks"."user_id" FROM "main_tasks" WHERE ("main_tasks"."user_id" = 1 AND "main_tasks"."keyword" = 'dog'); args=(1, u'dog')
DEBUG (0.001) INSERT INTO "main_results" ("task_id", "link", "img", "rank", "site") VALUES (326, 'https://yandex.ua/images/search?text=dog&amp;img_url=http%3A%2F%2Fanimal-store.ru%2Fimg%2F2015%2F050205%2F4130143&amp;pos=0&amp;rpt=simage&amp;ncrnd=2169', '//im3-tub-ua.yandex.net/i?id=83ea9d32fbf8b9bffe5c7a7de0c9daa5&amp;n=33&amp;h=215&amp;w=287', 1, 'yandex') RETURNING "main_results"."id"; args=(326, 'https://yandex.ua/images/search?text=dog&amp;img_url=http%3A%2F%2Fanimal-store.ru%2Fimg%2F2015%2F050205%2F4130143&amp;pos=0&amp;rpt=simage&amp;ncrnd=2169', '//im3-tub-ua.yandex.net/i?id=83ea9d32fbf8b9bffe5c7a7de0c9daa5&amp;n=33&amp;h=215&amp;w=287', 1, 'yandex')
2016-09-06 20:50:06 [django.db.backends] DEBUG: (0.001) INSERT INTO "main_results" ("task_id", "link", "img", "rank", "site") VALUES (326, 'https://yandex.ua/images/search?text=dog&amp;img_url=http%3A%2F%2Fanimal-store.ru%2Fimg%2F2015%2F050205%2F4130143&amp;pos=0&amp;rpt=simage&amp;ncrnd=2169', '//im3-tub-ua.yandex.net/i?id=83ea9d32fbf8b9bffe5c7a7de0c9daa5&amp;n=33&amp;h=215&amp;w=287', 1, 'yandex') RETURNING "main_results"."id"; args=(326, 'https://yandex.ua/images/search?text=dog&amp;img_url=http%3A%2F%2Fanimal-store.ru%2Fimg%2F2015%2F050205%2F4130143&amp;pos=0&amp;rpt=simage&amp;ncrnd=2169', '//im3-tub-ua.yandex.net/i?id=83ea9d32fbf8b9bffe5c7a7de0c9daa5&amp;n=33&amp;h=215&amp;w=287', 1, 'yandex')
2016-09-06 20:50:06 [root] INFO: Spider yandex proceeded {'https://yandex.ua/images/search?text=dog&amp;img_url=http%3A%2F%2Fanimal-store.ru%2Fimg%2F2015%2F050419%2F3244751&amp;pos=1&amp;rpt=simage&amp;ncrnd=2169': '//im2-tub-ua.yandex.net/i?id=6950d244118bd9cae214f3a5a94f0b6c&amp;n=33&amp;h=215&amp;w=287'}
2016-09-06 20:50:06 [root] INFO: Pipeline processing dog of [u'dog']. Item #{'google': 0, 'yandex': 2, 'instagram': 0}
DEBUG (0.001) SELECT "main_tasks"."id", "main_tasks"."status", "main_tasks"."keyword", "main_tasks"."date", "main_tasks"."user_id" FROM "main_tasks" WHERE ("main_tasks"."user_id" = 1 AND "main_tasks"."keyword" = 'dog'); args=(1, u'dog')
2016-09-06 20:50:06 [django.db.backends] DEBUG: (0.001) SELECT "main_tasks"."id", "main_tasks"."status", "main_tasks"."keyword", "main_tasks"."date", "main_tasks"."user_id" FROM "main_tasks" WHERE ("main_tasks"."user_id" = 1 AND "main_tasks"."keyword" = 'dog'); args=(1, u'dog')
DEBUG (0.001) INSERT INTO "main_results" ("task_id", "link", "img", "rank", "site") VALUES (326, 'https://yandex.ua/images/search?text=dog&amp;img_url=http%3A%2F%2Fanimal-store.ru%2Fimg%2F2015%2F050419%2F3244751&amp;pos=1&amp;rpt=simage&amp;ncrnd=2169', '//im2-tub-ua.yandex.net/i?id=6950d244118bd9cae214f3a5a94f0b6c&amp;n=33&amp;h=215&amp;w=287', 2, 'yandex') RETURNING "main_results"."id"; args=(326, 'https://yandex.ua/images/search?text=dog&amp;img_url=http%3A%2F%2Fanimal-store.ru%2Fimg%2F2015%2F050419%2F3244751&amp;pos=1&amp;rpt=simage&amp;ncrnd=2169', '//im2-tub-ua.yandex.net/i?id=6950d244118bd9cae214f3a5a94f0b6c&amp;n=33&amp;h=215&amp;w=287', 2, 'yandex')
2016-09-06 20:50:06 [django.db.backends] DEBUG: (0.001) INSERT INTO "main_results" ("task_id", "link", "img", "rank", "site") VALUES (326, 'https://yandex.ua/images/search?text=dog&amp;img_url=http%3A%2F%2Fanimal-store.ru%2Fimg%2F2015%2F050419%2F3244751&amp;pos=1&amp;rpt=simage&amp;ncrnd=2169', '//im2-tub-ua.yandex.net/i?id=6950d244118bd9cae214f3a5a94f0b6c&amp;n=33&amp;h=215&amp;w=287', 2, 'yandex') RETURNING "main_results"."id"; args=(326, 'https://yandex.ua/images/search?text=dog&amp;img_url=http%3A%2F%2Fanimal-store.ru%2Fimg%2F2015%2F050419%2F3244751&amp;pos=1&amp;rpt=simage&amp;ncrnd=2169', '//im2-tub-ua.yandex.net/i?id=6950d244118bd9cae214f3a5a94f0b6c&amp;n=33&amp;h=215&amp;w=287', 2, 'yandex')
2016-09-06 20:50:06 [root] INFO: Spider yandex proceeded {'https://yandex.ua/images/search?text=dog&amp;img_url=http%3A%2F%2Fwallpaperscraft.ru%2Fimage%2Fsobaka_pushistyy_lapy_51616_3840x2400.jpg&amp;pos=2&amp;rpt=simage&amp;ncrnd=2169': '//im0-tub-ua.yandex.net/i?id=28430024efe85de3fbfe987c8b73897e&amp;n=33&amp;h=215&amp;w=382'}
2016-09-06 20:50:06 [root] INFO: Pipeline processing dog of [u'dog']. Item #{'google': 0, 'yandex': 3, 'instagram': 0}
DEBUG (0.001) SELECT "main_tasks"."id", "main_tasks"."status", "main_tasks"."keyword", "main_tasks"."date", "main_tasks"."user_id" FROM "main_tasks" WHERE ("main_tasks"."user_id" = 1 AND "main_tasks"."keyword" = 'dog'); args=(1, u'dog')
2016-09-06 20:50:06 [django.db.backends] DEBUG: (0.001) SELECT "main_tasks"."id", "main_tasks"."status", "main_tasks"."keyword", "main_tasks"."date", "main_tasks"."user_id" FROM "main_tasks" WHERE ("main_tasks"."user_id" = 1 AND "main_tasks"."keyword" = 'dog'); args=(1, u'dog')
DEBUG (0.001) INSERT INTO "main_results" ("task_id", "link", "img", "rank", "site") VALUES (326, 'https://yandex.ua/images/search?text=dog&amp;img_url=http%3A%2F%2Fwallpaperscraft.ru%2Fimage%2Fsobaka_pushistyy_lapy_51616_3840x2400.jpg&amp;pos=2&amp;rpt=simage&amp;ncrnd=2169', '//im0-tub-ua.yandex.net/i?id=28430024efe85de3fbfe987c8b73897e&amp;n=33&amp;h=215&amp;w=382', 3, 'yandex') RETURNING "main_results"."id"; args=(326, 'https://yandex.ua/images/search?text=dog&amp;img_url=http%3A%2F%2Fwallpaperscraft.ru%2Fimage%2Fsobaka_pushistyy_lapy_51616_3840x2400.jpg&amp;pos=2&amp;rpt=simage&amp;ncrnd=2169', '//im0-tub-ua.yandex.net/i?id=28430024efe85de3fbfe987c8b73897e&amp;n=33&amp;h=215&amp;w=382', 3, 'yandex')
2016-09-06 20:50:06 [django.db.backends] DEBUG: (0.001) INSERT INTO "main_results" ("task_id", "link", "img", "rank", "site") VALUES (326, 'https://yandex.ua/images/search?text=dog&amp;img_url=http%3A%2F%2Fwallpaperscraft.ru%2Fimage%2Fsobaka_pushistyy_lapy_51616_3840x2400.jpg&amp;pos=2&amp;rpt=simage&amp;ncrnd=2169', '//im0-tub-ua.yandex.net/i?id=28430024efe85de3fbfe987c8b73897e&amp;n=33&amp;h=215&amp;w=382', 3, 'yandex') RETURNING "main_results"."id"; args=(326, 'https://yandex.ua/images/search?text=dog&amp;img_url=http%3A%2F%2Fwallpaperscraft.ru%2Fimage%2Fsobaka_pushistyy_lapy_51616_3840x2400.jpg&amp;pos=2&amp;rpt=simage&amp;ncrnd=2169', '//im0-tub-ua.yandex.net/i?id=28430024efe85de3fbfe987c8b73897e&amp;n=33&amp;h=215&amp;w=382', 3, 'yandex')
2016-09-06 20:50:06 [root] INFO: Spider yandex proceeded {'https://yandex.ua/images/search?text=dog&amp;img_url=http%3A%2F%2Fanimal-store.ru%2Fimg%2F2015%2F050208%2F5936006&amp;pos=3&amp;rpt=simage&amp;ncrnd=2169': '//im0-tub-ua.yandex.net/i?id=00467f8714f0f8c867a44a0bbc24e713&amp;n=33&amp;h=215&amp;w=269'}
2016-09-06 20:50:06 [root] INFO: Pipeline processing dog of [u'dog']. Item #{'google': 0, 'yandex': 4, 'instagram': 0}
DEBUG (0.001) SELECT "main_tasks"."id", "main_tasks"."status", "main_tasks"."keyword", "main_tasks"."date", "main_tasks"."user_id" FROM "main_tasks" WHERE ("main_tasks"."user_id" = 1 AND "main_tasks"."keyword" = 'dog'); args=(1, u'dog')
2016-09-06 20:50:06 [django.db.backends] DEBUG: (0.001) SELECT "main_tasks"."id", "main_tasks"."status", "main_tasks"."keyword", "main_tasks"."date", "main_tasks"."user_id" FROM "main_tasks" WHERE ("main_tasks"."user_id" = 1 AND "main_tasks"."keyword" = 'dog'); args=(1, u'dog')
DEBUG (0.001) INSERT INTO "main_results" ("task_id", "link", "img", "rank", "site") VALUES (326, 'https://yandex.ua/images/search?text=dog&amp;img_url=http%3A%2F%2Fanimal-store.ru%2Fimg%2F2015%2F050208%2F5936006&amp;pos=3&amp;rpt=simage&amp;ncrnd=2169', '//im0-tub-ua.yandex.net/i?id=00467f8714f0f8c867a44a0bbc24e713&amp;n=33&amp;h=215&amp;w=269', 4, 'yandex') RETURNING "main_results"."id"; args=(326, 'https://yandex.ua/images/search?text=dog&amp;img_url=http%3A%2F%2Fanimal-store.ru%2Fimg%2F2015%2F050208%2F5936006&amp;pos=3&amp;rpt=simage&amp;ncrnd=2169', '//im0-tub-ua.yandex.net/i?id=00467f8714f0f8c867a44a0bbc24e713&amp;n=33&amp;h=215&amp;w=269', 4, 'yandex')
2016-09-06 20:50:06 [django.db.backends] DEBUG: (0.001) INSERT INTO "main_results" ("task_id", "link", "img", "rank", "site") VALUES (326, 'https://yandex.ua/images/search?text=dog&amp;img_url=http%3A%2F%2Fanimal-store.ru%2Fimg%2F2015%2F050208%2F5936006&amp;pos=3&amp;rpt=simage&amp;ncrnd=2169', '//im0-tub-ua.yandex.net/i?id=00467f8714f0f8c867a44a0bbc24e713&amp;n=33&amp;h=215&amp;w=269', 4, 'yandex') RETURNING "main_results"."id"; args=(326, 'https://yandex.ua/images/search?text=dog&amp;img_url=http%3A%2F%2Fanimal-store.ru%2Fimg%2F2015%2F050208%2F5936006&amp;pos=3&amp;rpt=simage&amp;ncrnd=2169', '//im0-tub-ua.yandex.net/i?id=00467f8714f0f8c867a44a0bbc24e713&amp;n=33&amp;h=215&amp;w=269', 4, 'yandex')
2016-09-06 20:50:06 [root] INFO: Spider yandex proceeded {'https://yandex.ua/images/search?text=dog&amp;img_url=http%3A%2F%2Fwallpaperfullhd1080p.com%2FWallpaper20%2Fimages%2F2013%25202013%2520charles%2520spaniel%2520dogs%2520hd%2520wallpapers.jpg&amp;pos=5&amp;rpt=simage&amp;ncrnd=2169': '//im0-tub-ua.yandex.net/i?id=3e4410dd92378b3009fc63b975b6928b&amp;n=33&amp;h=215&amp;w=286'}
2016-09-06 20:50:06 [root] INFO: Pipeline processing dog of [u'dog']. Item #{'google': 0, 'yandex': 5, 'instagram': 0}
DEBUG (0.001) SELECT "main_tasks"."id", "main_tasks"."status", "main_tasks"."keyword", "main_tasks"."date", "main_tasks"."user_id" FROM "main_tasks" WHERE ("main_tasks"."user_id" = 1 AND "main_tasks"."keyword" = 'dog'); args=(1, u'dog')
2016-09-06 20:50:06 [django.db.backends] DEBUG: (0.001) SELECT "main_tasks"."id", "main_tasks"."status", "main_tasks"."keyword", "main_tasks"."date", "main_tasks"."user_id" FROM "main_tasks" WHERE ("main_tasks"."user_id" = 1 AND "main_tasks"."keyword" = 'dog'); args=(1, u'dog')
DEBUG (0.001) INSERT INTO "main_results" ("task_id", "link", "img", "rank", "site") VALUES (326, 'https://yandex.ua/images/search?text=dog&amp;img_url=http%3A%2F%2Fwallpaperfullhd1080p.com%2FWallpaper20%2Fimages%2F2013%25202013%2520charles%2520spaniel%2520dogs%2520hd%2520wallpapers.jpg&amp;pos=5&amp;rpt=simage&amp;ncrnd=2169', '//im0-tub-ua.yandex.net/i?id=3e4410dd92378b3009fc63b975b6928b&amp;n=33&amp;h=215&amp;w=286', 5, 'yandex') RETURNING "main_results"."id"; args=(326, 'https://yandex.ua/images/search?text=dog&amp;img_url=http%3A%2F%2Fwallpaperfullhd1080p.com%2FWallpaper20%2Fimages%2F2013%25202013%2520charles%2520spaniel%2520dogs%2520hd%2520wallpapers.jpg&amp;pos=5&amp;rpt=simage&amp;ncrnd=2169', '//im0-tub-ua.yandex.net/i?id=3e4410dd92378b3009fc63b975b6928b&amp;n=33&amp;h=215&amp;w=286', 5, 'yandex')
2016-09-06 20:50:06 [django.db.backends] DEBUG: (0.001) INSERT INTO "main_results" ("task_id", "link", "img", "rank", "site") VALUES (326, 'https://yandex.ua/images/search?text=dog&amp;img_url=http%3A%2F%2Fwallpaperfullhd1080p.com%2FWallpaper20%2Fimages%2F2013%25202013%2520charles%2520spaniel%2520dogs%2520hd%2520wallpapers.jpg&amp;pos=5&amp;rpt=simage&amp;ncrnd=2169', '//im0-tub-ua.yandex.net/i?id=3e4410dd92378b3009fc63b975b6928b&amp;n=33&amp;h=215&amp;w=286', 5, 'yandex') RETURNING "main_results"."id"; args=(326, 'https://yandex.ua/images/search?text=dog&amp;img_url=http%3A%2F%2Fwallpaperfullhd1080p.com%2FWallpaper20%2Fimages%2F2013%25202013%2520charles%2520spaniel%2520dogs%2520hd%2520wallpapers.jpg&amp;pos=5&amp;rpt=simage&amp;ncrnd=2169', '//im0-tub-ua.yandex.net/i?id=3e4410dd92378b3009fc63b975b6928b&amp;n=33&amp;h=215&amp;w=286', 5, 'yandex')
2016-09-06 20:50:06 [root] INFO: Spider yandex proceeded {'https://yandex.ua/images/search?text=dog&amp;img_url=http%3A%2F%2Fimages.forwallpaper.com%2Ffiles%2Fimages%2Fa%2Fa8f5%2Fa8f5d3a5%2F903775%2Fzzzzzzz.jpg&amp;pos=6&amp;rpt=simage&amp;ncrnd=2169': '//im1-tub-ua.yandex.net/i?id=b864f98fe08a4dc935bed1a261083831&amp;n=33&amp;h=215&amp;w=287'}
2016-09-06 20:50:06 [root] INFO: Pipeline processing dog of [u'dog']. Item #{'google': 0, 'yandex': 6, 'instagram': 0}
DEBUG (0.001) SELECT "main_tasks"."id", "main_tasks"."status", "main_tasks"."keyword", "main_tasks"."date", "main_tasks"."user_id" FROM "main_tasks" WHERE ("main_tasks"."user_id" = 1 AND "main_tasks"."keyword" = 'dog'); args=(1, u'dog')
2016-09-06 20:50:06 [django.db.backends] DEBUG: (0.001) SELECT "main_tasks"."id", "main_tasks"."status", "main_tasks"."keyword", "main_tasks"."date", "main_tasks"."user_id" FROM "main_tasks" WHERE ("main_tasks"."user_id" = 1 AND "main_tasks"."keyword" = 'dog'); args=(1, u'dog')
DEBUG (0.001) INSERT INTO "main_results" ("task_id", "link", "img", "rank", "site") VALUES (326, 'https://yandex.ua/images/search?text=dog&amp;img_url=http%3A%2F%2Fimages.forwallpaper.com%2Ffiles%2Fimages%2Fa%2Fa8f5%2Fa8f5d3a5%2F903775%2Fzzzzzzz.jpg&amp;pos=6&amp;rpt=simage&amp;ncrnd=2169', '//im1-tub-ua.yandex.net/i?id=b864f98fe08a4dc935bed1a261083831&amp;n=33&amp;h=215&amp;w=287', 6, 'yandex') RETURNING "main_results"."id"; args=(326, 'https://yandex.ua/images/search?text=dog&amp;img_url=http%3A%2F%2Fimages.forwallpaper.com%2Ffiles%2Fimages%2Fa%2Fa8f5%2Fa8f5d3a5%2F903775%2Fzzzzzzz.jpg&amp;pos=6&amp;rpt=simage&amp;ncrnd=2169', '//im1-tub-ua.yandex.net/i?id=b864f98fe08a4dc935bed1a261083831&amp;n=33&amp;h=215&amp;w=287', 6, 'yandex')
2016-09-06 20:50:06 [django.db.backends] DEBUG: (0.001) INSERT INTO "main_results" ("task_id", "link", "img", "rank", "site") VALUES (326, 'https://yandex.ua/images/search?text=dog&amp;img_url=http%3A%2F%2Fimages.forwallpaper.com%2Ffiles%2Fimages%2Fa%2Fa8f5%2Fa8f5d3a5%2F903775%2Fzzzzzzz.jpg&amp;pos=6&amp;rpt=simage&amp;ncrnd=2169', '//im1-tub-ua.yandex.net/i?id=b864f98fe08a4dc935bed1a261083831&amp;n=33&amp;h=215&amp;w=287', 6, 'yandex') RETURNING "main_results"."id"; args=(326, 'https://yandex.ua/images/search?text=dog&amp;img_url=http%3A%2F%2Fimages.forwallpaper.com%2Ffiles%2Fimages%2Fa%2Fa8f5%2Fa8f5d3a5%2F903775%2Fzzzzzzz.jpg&amp;pos=6&amp;rpt=simage&amp;ncrnd=2169', '//im1-tub-ua.yandex.net/i?id=b864f98fe08a4dc935bed1a261083831&amp;n=33&amp;h=215&amp;w=287', 6, 'yandex')
2016-09-06 20:50:06 [root] INFO: Spider yandex proceeded {'https://yandex.ua/images/search?text=dog&amp;img_url=http%3A%2F%2Fwww.coolwallpapers.org%2Fphoto%2F39609%2Fbeagle_love_wallpaper.jpg&amp;pos=7&amp;rpt=simage&amp;ncrnd=2169': '//im1-tub-ua.yandex.net/i?id=771e7f4d790ba8bdb66adb686184f688&amp;n=33&amp;h=215&amp;w=344'}
2016-09-06 20:50:06 [root] INFO: Pipeline processing dog of [u'dog']. Item #{'google': 0, 'yandex': 7, 'instagram': 0}
DEBUG (0.001) SELECT "main_tasks"."id", "main_tasks"."status", "main_tasks"."keyword", "main_tasks"."date", "main_tasks"."user_id" FROM "main_tasks" WHERE ("main_tasks"."user_id" = 1 AND "main_tasks"."keyword" = 'dog'); args=(1, u'dog')
2016-09-06 20:50:06 [django.db.backends] DEBUG: (0.001) SELECT "main_tasks"."id", "main_tasks"."status", "main_tasks"."keyword", "main_tasks"."date", "main_tasks"."user_id" FROM "main_tasks" WHERE ("main_tasks"."user_id" = 1 AND "main_tasks"."keyword" = 'dog'); args=(1, u'dog')
DEBUG (0.001) INSERT INTO "main_results" ("task_id", "link", "img", "rank", "site") VALUES (326, 'https://yandex.ua/images/search?text=dog&amp;img_url=http%3A%2F%2Fwww.coolwallpapers.org%2Fphoto%2F39609%2Fbeagle_love_wallpaper.jpg&amp;pos=7&amp;rpt=simage&amp;ncrnd=2169', '//im1-tub-ua.yandex.net/i?id=771e7f4d790ba8bdb66adb686184f688&amp;n=33&amp;h=215&amp;w=344', 7, 'yandex') RETURNING "main_results"."id"; args=(326, 'https://yandex.ua/images/search?text=dog&amp;img_url=http%3A%2F%2Fwww.coolwallpapers.org%2Fphoto%2F39609%2Fbeagle_love_wallpaper.jpg&amp;pos=7&amp;rpt=simage&amp;ncrnd=2169', '//im1-tub-ua.yandex.net/i?id=771e7f4d790ba8bdb66adb686184f688&amp;n=33&amp;h=215&amp;w=344', 7, 'yandex')
2016-09-06 20:50:06 [django.db.backends] DEBUG: (0.001) INSERT INTO "main_results" ("task_id", "link", "img", "rank", "site") VALUES (326, 'https://yandex.ua/images/search?text=dog&amp;img_url=http%3A%2F%2Fwww.coolwallpapers.org%2Fphoto%2F39609%2Fbeagle_love_wallpaper.jpg&amp;pos=7&amp;rpt=simage&amp;ncrnd=2169', '//im1-tub-ua.yandex.net/i?id=771e7f4d790ba8bdb66adb686184f688&amp;n=33&amp;h=215&amp;w=344', 7, 'yandex') RETURNING "main_results"."id"; args=(326, 'https://yandex.ua/images/search?text=dog&amp;img_url=http%3A%2F%2Fwww.coolwallpapers.org%2Fphoto%2F39609%2Fbeagle_love_wallpaper.jpg&amp;pos=7&amp;rpt=simage&amp;ncrnd=2169', '//im1-tub-ua.yandex.net/i?id=771e7f4d790ba8bdb66adb686184f688&amp;n=33&amp;h=215&amp;w=344', 7, 'yandex')
2016-09-06 20:50:06 [root] INFO: Spider yandex proceeded {'https://yandex.ua/images/search?text=dog&amp;img_url=http%3A%2F%2Fc.fastcompany.net%2Fmultisite_files%2Ffastcompany%2Fposter%2F2014%2F01%2F3025003-poster-p-dog-2.jpg&amp;pos=8&amp;rpt=simage&amp;ncrnd=2169': '//im2-tub-ua.yandex.net/i?id=75924aa7ffe2d7db2d459161a362826a&amp;n=33&amp;h=215&amp;w=381'}
2016-09-06 20:50:06 [root] INFO: Pipeline processing dog of [u'dog']. Item #{'google': 0, 'yandex': 8, 'instagram': 0}
DEBUG (0.001) SELECT "main_tasks"."id", "main_tasks"."status", "main_tasks"."keyword", "main_tasks"."date", "main_tasks"."user_id" FROM "main_tasks" WHERE ("main_tasks"."user_id" = 1 AND "main_tasks"."keyword" = 'dog'); args=(1, u'dog')
2016-09-06 20:50:06 [django.db.backends] DEBUG: (0.001) SELECT "main_tasks"."id", "main_tasks"."status", "main_tasks"."keyword", "main_tasks"."date", "main_tasks"."user_id" FROM "main_tasks" WHERE ("main_tasks"."user_id" = 1 AND "main_tasks"."keyword" = 'dog'); args=(1, u'dog')
DEBUG (0.001) INSERT INTO "main_results" ("task_id", "link", "img", "rank", "site") VALUES (326, 'https://yandex.ua/images/search?text=dog&amp;img_url=http%3A%2F%2Fc.fastcompany.net%2Fmultisite_files%2Ffastcompany%2Fposter%2F2014%2F01%2F3025003-poster-p-dog-2.jpg&amp;pos=8&amp;rpt=simage&amp;ncrnd=2169', '//im2-tub-ua.yandex.net/i?id=75924aa7ffe2d7db2d459161a362826a&amp;n=33&amp;h=215&amp;w=381', 8, 'yandex') RETURNING "main_results"."id"; args=(326, 'https://yandex.ua/images/search?text=dog&amp;img_url=http%3A%2F%2Fc.fastcompany.net%2Fmultisite_files%2Ffastcompany%2Fposter%2F2014%2F01%2F3025003-poster-p-dog-2.jpg&amp;pos=8&amp;rpt=simage&amp;ncrnd=2169', '//im2-tub-ua.yandex.net/i?id=75924aa7ffe2d7db2d459161a362826a&amp;n=33&amp;h=215&amp;w=381', 8, 'yandex')
2016-09-06 20:50:06 [django.db.backends] DEBUG: (0.001) INSERT INTO "main_results" ("task_id", "link", "img", "rank", "site") VALUES (326, 'https://yandex.ua/images/search?text=dog&amp;img_url=http%3A%2F%2Fc.fastcompany.net%2Fmultisite_files%2Ffastcompany%2Fposter%2F2014%2F01%2F3025003-poster-p-dog-2.jpg&amp;pos=8&amp;rpt=simage&amp;ncrnd=2169', '//im2-tub-ua.yandex.net/i?id=75924aa7ffe2d7db2d459161a362826a&amp;n=33&amp;h=215&amp;w=381', 8, 'yandex') RETURNING "main_results"."id"; args=(326, 'https://yandex.ua/images/search?text=dog&amp;img_url=http%3A%2F%2Fc.fastcompany.net%2Fmultisite_files%2Ffastcompany%2Fposter%2F2014%2F01%2F3025003-poster-p-dog-2.jpg&amp;pos=8&amp;rpt=simage&amp;ncrnd=2169', '//im2-tub-ua.yandex.net/i?id=75924aa7ffe2d7db2d459161a362826a&amp;n=33&amp;h=215&amp;w=381', 8, 'yandex')
2016-09-06 20:50:06 [root] INFO: Spider yandex proceeded {'https://yandex.ua/images/search?text=dog&amp;img_url=https%3A%2F%2Fimg3.goodfon.ru%2Foriginal%2F5000x3333%2F3%2F42%2Fschenok-sobaka-bigl-belyy-fon.jpg&amp;pos=9&amp;rpt=simage&amp;ncrnd=2169': '//im0-tub-ua.yandex.net/i?id=b86c0c43eae939289e84df411ec0ccba&amp;n=33&amp;h=215&amp;w=333'}
2016-09-06 20:50:06 [root] INFO: Pipeline processing dog of [u'dog']. Item #{'google': 0, 'yandex': 9, 'instagram': 0}
DEBUG (0.001) SELECT "main_tasks"."id", "main_tasks"."status", "main_tasks"."keyword", "main_tasks"."date", "main_tasks"."user_id" FROM "main_tasks" WHERE ("main_tasks"."user_id" = 1 AND "main_tasks"."keyword" = 'dog'); args=(1, u'dog')
2016-09-06 20:50:06 [django.db.backends] DEBUG: (0.001) SELECT "main_tasks"."id", "main_tasks"."status", "main_tasks"."keyword", "main_tasks"."date", "main_tasks"."user_id" FROM "main_tasks" WHERE ("main_tasks"."user_id" = 1 AND "main_tasks"."keyword" = 'dog'); args=(1, u'dog')
DEBUG (0.001) INSERT INTO "main_results" ("task_id", "link", "img", "rank", "site") VALUES (326, 'https://yandex.ua/images/search?text=dog&amp;img_url=https%3A%2F%2Fimg3.goodfon.ru%2Foriginal%2F5000x3333%2F3%2F42%2Fschenok-sobaka-bigl-belyy-fon.jpg&amp;pos=9&amp;rpt=simage&amp;ncrnd=2169', '//im0-tub-ua.yandex.net/i?id=b86c0c43eae939289e84df411ec0ccba&amp;n=33&amp;h=215&amp;w=333', 9, 'yandex') RETURNING "main_results"."id"; args=(326, 'https://yandex.ua/images/search?text=dog&amp;img_url=https%3A%2F%2Fimg3.goodfon.ru%2Foriginal%2F5000x3333%2F3%2F42%2Fschenok-sobaka-bigl-belyy-fon.jpg&amp;pos=9&amp;rpt=simage&amp;ncrnd=2169', '//im0-tub-ua.yandex.net/i?id=b86c0c43eae939289e84df411ec0ccba&amp;n=33&amp;h=215&amp;w=333', 9, 'yandex')
2016-09-06 20:50:06 [django.db.backends] DEBUG: (0.001) INSERT INTO "main_results" ("task_id", "link", "img", "rank", "site") VALUES (326, 'https://yandex.ua/images/search?text=dog&amp;img_url=https%3A%2F%2Fimg3.goodfon.ru%2Foriginal%2F5000x3333%2F3%2F42%2Fschenok-sobaka-bigl-belyy-fon.jpg&amp;pos=9&amp;rpt=simage&amp;ncrnd=2169', '//im0-tub-ua.yandex.net/i?id=b86c0c43eae939289e84df411ec0ccba&amp;n=33&amp;h=215&amp;w=333', 9, 'yandex') RETURNING "main_results"."id"; args=(326, 'https://yandex.ua/images/search?text=dog&amp;img_url=https%3A%2F%2Fimg3.goodfon.ru%2Foriginal%2F5000x3333%2F3%2F42%2Fschenok-sobaka-bigl-belyy-fon.jpg&amp;pos=9&amp;rpt=simage&amp;ncrnd=2169', '//im0-tub-ua.yandex.net/i?id=b86c0c43eae939289e84df411ec0ccba&amp;n=33&amp;h=215&amp;w=333', 9, 'yandex')
2016-09-06 20:50:06 [root] INFO: Spider yandex proceeded {'https://yandex.ua/images/search?text=dog&amp;img_url=http%3A%2F%2Fbaadu.ru%2Fph%2F50%2Fosen_schenok_priroda_palka_sobaka_pes_listya_malysh_2560x1920.jpg&amp;pos=10&amp;rpt=simage&amp;ncrnd=2169': '//im2-tub-ua.yandex.net/i?id=6cb1ecd10312adbbf254672eb83f3939&amp;n=33&amp;h=215&amp;w=382'}
2016-09-06 20:50:06 [root] INFO: Pipeline processing dog of [u'dog']. Item #{'google': 0, 'yandex': 10, 'instagram': 0}
DEBUG (0.001) SELECT "main_tasks"."id", "main_tasks"."status", "main_tasks"."keyword", "main_tasks"."date", "main_tasks"."user_id" FROM "main_tasks" WHERE ("main_tasks"."user_id" = 1 AND "main_tasks"."keyword" = 'dog'); args=(1, u'dog')
2016-09-06 20:50:06 [django.db.backends] DEBUG: (0.001) SELECT "main_tasks"."id", "main_tasks"."status", "main_tasks"."keyword", "main_tasks"."date", "main_tasks"."user_id" FROM "main_tasks" WHERE ("main_tasks"."user_id" = 1 AND "main_tasks"."keyword" = 'dog'); args=(1, u'dog')
DEBUG (0.001) INSERT INTO "main_results" ("task_id", "link", "img", "rank", "site") VALUES (326, 'https://yandex.ua/images/search?text=dog&amp;img_url=http%3A%2F%2Fbaadu.ru%2Fph%2F50%2Fosen_schenok_priroda_palka_sobaka_pes_listya_malysh_2560x1920.jpg&amp;pos=10&amp;rpt=simage&amp;ncrnd=2169', '//im2-tub-ua.yandex.net/i?id=6cb1ecd10312adbbf254672eb83f3939&amp;n=33&amp;h=215&amp;w=382', 10, 'yandex') RETURNING "main_results"."id"; args=(326, 'https://yandex.ua/images/search?text=dog&amp;img_url=http%3A%2F%2Fbaadu.ru%2Fph%2F50%2Fosen_schenok_priroda_palka_sobaka_pes_listya_malysh_2560x1920.jpg&amp;pos=10&amp;rpt=simage&amp;ncrnd=2169', '//im2-tub-ua.yandex.net/i?id=6cb1ecd10312adbbf254672eb83f3939&amp;n=33&amp;h=215&amp;w=382', 10, 'yandex')
2016-09-06 20:50:06 [django.db.backends] DEBUG: (0.001) INSERT INTO "main_results" ("task_id", "link", "img", "rank", "site") VALUES (326, 'https://yandex.ua/images/search?text=dog&amp;img_url=http%3A%2F%2Fbaadu.ru%2Fph%2F50%2Fosen_schenok_priroda_palka_sobaka_pes_listya_malysh_2560x1920.jpg&amp;pos=10&amp;rpt=simage&amp;ncrnd=2169', '//im2-tub-ua.yandex.net/i?id=6cb1ecd10312adbbf254672eb83f3939&amp;n=33&amp;h=215&amp;w=382', 10, 'yandex') RETURNING "main_results"."id"; args=(326, 'https://yandex.ua/images/search?text=dog&amp;img_url=http%3A%2F%2Fbaadu.ru%2Fph%2F50%2Fosen_schenok_priroda_palka_sobaka_pes_listya_malysh_2560x1920.jpg&amp;pos=10&amp;rpt=simage&amp;ncrnd=2169', '//im2-tub-ua.yandex.net/i?id=6cb1ecd10312adbbf254672eb83f3939&amp;n=33&amp;h=215&amp;w=382', 10, 'yandex')
DEBUG (0.001) UPDATE "main_tasks" SET "status" = 'IN_PROGRESS' WHERE "main_tasks"."id" = 326; args=(u'IN_PROGRESS', 326)
2016-09-06 20:50:06 [django.db.backends] DEBUG: (0.001) UPDATE "main_tasks" SET "status" = 'IN_PROGRESS' WHERE "main_tasks"."id" = 326; args=(u'IN_PROGRESS', 326)
2016-09-06 20:50:06 [root] DEBUG: Pipeline processing dog. Status: IN_PROGRESS
DEBUG (0.001) UPDATE "main_tasks" SET "status" = 'FINISHED' WHERE "main_tasks"."id" = 326; args=('FINISHED', 326)
2016-09-06 20:50:06 [django.db.backends] DEBUG: (0.001) UPDATE "main_tasks" SET "status" = 'FINISHED' WHERE "main_tasks"."id" = 326; args=('FINISHED', 326)
2016-09-06 20:50:06 [root] DEBUG: Pipeline processing dog. FINISHED
DEBUG (0.001) SELECT "auth_user"."id", "auth_user"."password", "auth_user"."last_login", "auth_user"."is_superuser", "auth_user"."username", "auth_user"."first_name", "auth_user"."last_name", "auth_user"."email", "auth_user"."is_staff", "auth_user"."is_active", "auth_user"."date_joined" FROM "auth_user" WHERE "auth_user"."id" = 1; args=(1,)
2016-09-06 20:50:06 [django.db.backends] DEBUG: (0.001) SELECT "auth_user"."id", "auth_user"."password", "auth_user"."last_login", "auth_user"."is_superuser", "auth_user"."username", "auth_user"."first_name", "auth_user"."last_name", "auth_user"."email", "auth_user"."is_staff", "auth_user"."is_active", "auth_user"."date_joined" FROM "auth_user" WHERE "auth_user"."id" = 1; args=(1,)
2016-09-06 20:50:06 [root] INFO: Pipeline sent message({"search_phrase": "dog", "user_id": 1}) to webserver
